#-----------------------------------------------------------
# Webtalk v2019.1 (64-bit)
# SW Build 2552052 on Fri May 24 14:49:42 MDT 2019
# 
# Start of session at: Sun Nov 27 20:27:58 2022
# Process ID: 30036
# Current directory: C:/Users/kiki1/Desktop/assignments/Zynq_termprj/Zynq_termprj.sdk/webtalk
# Command line: wbtcv.exe -mode batch -source sdk_webtalk.tcl
# Log file: C:/Users/kiki1/Desktop/assignments/Zynq_termprj/Zynq_termprj.sdk/webtalk/webtalk.log
# Journal file: C:/Users/kiki1/Desktop/assignments/Zynq_termprj/Zynq_termprj.sdk/webtalk\webtalk.jou
#-----------------------------------------------------------
source sdk_webtalk.tcl
# webtalk_init -webtalk_dir C:\\Users\\kiki1\\Desktop\\assignments\\Zynq_termprj\\Zynq_termprj.sdk\\webtalk
# webtalk_register_client -client project
# webtalk_add_data -client project -key date_generated -value "2022-11-27 20:27:56" -context "software_version_and_target_device"
# webtalk_add_data -client project -key product_version -value "SDK v2019.1" -context "software_version_and_target_device"
# webtalk_add_data -client project -key build_version -value "2019.1" -context "software_version_and_target_device"
# webtalk_add_data -client project -key os_platform -value "amd64" -context "software_version_and_target_device"
# webtalk_add_data -client project -key registration_id -value "" -context "software_version_and_target_device"
# webtalk_add_data -client project -key tool_flow -value "SDK" -context "software_version_and_target_device"
# webtalk_add_data -client project -key beta -value "false" -context "software_version_and_target_device"
# webtalk_add_data -client project -key route_design -value "NA" -context "software_version_and_target_device"
# webtalk_add_data -client project -key target_family -value "NA" -context "software_version_and_target_device"
# webtalk_add_data -client project -key target_device -value "NA" -context "software_version_and_target_device"
# webtalk_add_data -client project -key target_package -value "NA" -context "software_version_and_target_device"
# webtalk_add_data -client project -key target_speed -value "NA" -context "software_version_and_target_device"
# webtalk_add_data -client project -key random_id -value "tsan3csane92uhik297iube3go" -context "software_version_and_target_device"
# webtalk_add_data -client project -key project_id -value "2019.1_33" -context "software_version_and_target_device"
# webtalk_add_data -client project -key project_iteration -value "33" -context "software_version_and_target_device"
# webtalk_add_data -client project -key os_name -value "Microsoft Windows 8 or later , 64-bit" -context "user_environment"
# webtalk_add_data -client project -key os_release -value "major release  (build 9200)" -context "user_environment"
# webtalk_add_data -client project -key cpu_name -value "AMD Ryzen 7 PRO 6850U with Radeon Graphics     " -context "user_environment"
# webtalk_add_data -client project -key cpu_speed -value "2695 MHz" -context "user_environment"
# webtalk_add_data -client project -key total_processors -value "1" -context "user_environment"
# webtalk_add_data -client project -key system_ram -value "33.033 GB" -context "user_environment"
# webtalk_register_client -client sdk
# webtalk_add_data -client sdk -key uid -value "1669469475016" -context "sdk\\\\hardware/1669469475016"
# webtalk_add_data -client sdk -key isZynq -value "true" -context "sdk\\\\hardware/1669469475016"
# webtalk_add_data -client sdk -key isZynqMP -value "false" -context "sdk\\\\hardware/1669469475016"
# webtalk_add_data -client sdk -key Processors -value "2" -context "sdk\\\\hardware/1669469475016"
# webtalk_add_data -client sdk -key VivadoVersion -value "2019.1" -context "sdk\\\\hardware/1669469475016"
# webtalk_add_data -client sdk -key Arch -value "zynq" -context "sdk\\\\hardware/1669469475016"
# webtalk_add_data -client sdk -key Device -value "7z020" -context "sdk\\\\hardware/1669469475016"
# webtalk_add_data -client sdk -key IsHandoff -value "true" -context "sdk\\\\hardware/1669469475016"
# webtalk_add_data -client sdk -key os -value "NA" -context "sdk\\\\hardware/1669469475016"
# webtalk_add_data -client sdk -key apptemplate -value "NA" -context "sdk\\\\hardware/1669469475016"
# webtalk_add_data -client sdk -key RecordType -value "HWCreation" -context "sdk\\\\hardware/1669469475016"
# webtalk_add_data -client sdk -key uid -value "1669469495433" -context "sdk\\\\bsp/1669469495433"
# webtalk_add_data -client sdk -key hwid -value "1669469475016" -context "sdk\\\\bsp/1669469495433"
# webtalk_add_data -client sdk -key os -value "standalone" -context "sdk\\\\bsp/1669469495433"
# webtalk_add_data -client sdk -key apptemplate -value "empty_application" -context "sdk\\\\bsp/1669469495433"
# webtalk_add_data -client sdk -key RecordType -value "BSPCreation" -context "sdk\\\\bsp/1669469495433"
# webtalk_add_data -client sdk -key uid -value "1669469499696" -context "sdk\\\\application/1669469499696"
# webtalk_add_data -client sdk -key hwid -value "1669469475016" -context "sdk\\\\application/1669469499696"
# webtalk_add_data -client sdk -key bspid -value "1669469495433" -context "sdk\\\\application/1669469499696"
# webtalk_add_data -client sdk -key newbsp -value "true" -context "sdk\\\\application/1669469499696"
# webtalk_add_data -client sdk -key os -value "standalone" -context "sdk\\\\application/1669469499696"
# webtalk_add_data -client sdk -key apptemplate -value "empty_application" -context "sdk\\\\application/1669469499696"
# webtalk_add_data -client sdk -key RecordType -value "APPCreation" -context "sdk\\\\application/1669469499696"
# webtalk_add_data -client sdk -key LangUsed -value "C" -context "sdk\\\\application/1669469499696"
# webtalk_add_data -client sdk -key Procused -value "ps7_cortexa9" -context "sdk\\\\application/1669469499696"
# webtalk_add_data -client sdk -key projSize -value "250.984375" -context "sdk\\\\application/1669469499696"
# webtalk_add_data -client sdk -key uid -value "NA" -context "sdk\\\\bsp/1669548476940"
# webtalk_add_data -client sdk -key RecordType -value "ToolUsage" -context "sdk\\\\bsp/1669548476940"
# webtalk_add_data -client sdk -key BootgenCount -value "0" -context "sdk\\\\bsp/1669548476940"
# webtalk_add_data -client sdk -key DebugCount -value "23" -context "sdk\\\\bsp/1669548476940"
# webtalk_add_data -client sdk -key PerfCount -value "0" -context "sdk\\\\bsp/1669548476940"
# webtalk_add_data -client sdk -key FlashCount -value "0" -context "sdk\\\\bsp/1669548476940"
# webtalk_add_data -client sdk -key CrossTriggCount -value "0" -context "sdk\\\\bsp/1669548476940"
# webtalk_add_data -client sdk -key QemuDebugCount -value "0" -context "sdk\\\\bsp/1669548476940"
# webtalk_transmit -clientid 856910944 -regid "" -xml C:\\Users\\kiki1\\Desktop\\assignments\\Zynq_termprj\\Zynq_termprj.sdk\\webtalk\\usage_statistics_ext_sdk.xml -html C:\\Users\\kiki1\\Desktop\\assignments\\Zynq_termprj\\Zynq_termprj.sdk\\webtalk\\usage_statistics_ext_sdk.html -wdm C:\\Users\\kiki1\\Desktop\\assignments\\Zynq_termprj\\Zynq_termprj.sdk\\webtalk\\sdk_webtalk.wdm -intro "<H3>SDK Usage Report</H3><BR>"
# webtalk_terminate
INFO: [Common 17-206] Exiting Webtalk at Sun Nov 27 20:27:58 2022...
